Using pre-set license
Built from '2021.3/staging' branch; Version is '2021.3.23f1 (213b516bf396) revision 2177873'; Using compiler version '192829333'; Build Type 'Release'
OS: 'Windows 10  (10.0.19045) 64bit Enterprise' Language: 'en' Physical Memory: 65224 MB
BatchMode: 1, IsHumanControllingUs: 0, StartBugReporterOnCrash: 0, Is64bit: 1, IsPro: 1

COMMAND LINE ARGUMENTS:
C:\Program Files\Unity\Hub\Editor\2021.3.23f1\Editor\Unity.exe
-adb2
-batchMode
-noUpm
-name
AssetImportWorker3
-projectPath
C:/Users/alexander.roache/Documents/GitHub/first2d-project
-logFile
Logs/AssetImportWorker3.log
-srvPort
59165
Successfully changed project path to: C:/Users/alexander.roache/Documents/GitHub/first2d-project
C:/Users/alexander.roache/Documents/GitHub/first2d-project
[UnityMemory] Configuration Parameters - Can be set up in boot.config
    "memorysetup-bucket-allocator-granularity=16"
    "memorysetup-bucket-allocator-bucket-count=8"
    "memorysetup-bucket-allocator-block-size=33554432"
    "memorysetup-bucket-allocator-block-count=8"
    "memorysetup-main-allocator-block-size=16777216"
    "memorysetup-thread-allocator-block-size=16777216"
    "memorysetup-gfx-main-allocator-block-size=16777216"
    "memorysetup-gfx-thread-allocator-block-size=16777216"
    "memorysetup-cache-allocator-block-size=4194304"
    "memorysetup-typetree-allocator-block-size=2097152"
    "memorysetup-profiler-bucket-allocator-granularity=16"
    "memorysetup-profiler-bucket-allocator-bucket-count=8"
    "memorysetup-profiler-bucket-allocator-block-size=33554432"
    "memorysetup-profiler-bucket-allocator-block-count=8"
    "memorysetup-profiler-allocator-block-size=16777216"
    "memorysetup-profiler-editor-allocator-block-size=1048576"
    "memorysetup-temp-allocator-size-main=16777216"
    "memorysetup-job-temp-allocator-block-size=2097152"
    "memorysetup-job-temp-allocator-block-size-background=1048576"
    "memorysetup-job-temp-allocator-reduction-small-platforms=262144"
    "memorysetup-temp-allocator-size-background-worker=32768"
    "memorysetup-temp-allocator-size-job-worker=262144"
    "memorysetup-temp-allocator-size-preload-manager=33554432"
    "memorysetup-temp-allocator-size-nav-mesh-worker=65536"
    "memorysetup-temp-allocator-size-audio-worker=65536"
    "memorysetup-temp-allocator-size-cloud-worker=32768"
    "memorysetup-temp-allocator-size-gi-baking-worker=262144"
    "memorysetup-temp-allocator-size-gfx=262144"
Player connection [17096] Host "[IP] 172.27.14.105 [Port] 0 [Flags] 2 [Guid] 4007904189 [EditorId] 4007904189 [Version] 1048832 [Id] WindowsEditor(7,NS00J002004DE12) [Debug] 1 [PackageName] WindowsEditor [ProjectName] Editor" joined multi-casting on [225.0.0.222:54997]...

Player connection [17096] Host "[IP] 172.27.14.105 [Port] 0 [Flags] 2 [Guid] 4007904189 [EditorId] 4007904189 [Version] 1048832 [Id] WindowsEditor(7,NS00J002004DE12) [Debug] 1 [PackageName] WindowsEditor [ProjectName] Editor" joined alternative multi-casting on [225.0.0.222:34997]...

Refreshing native plugins compatible for Editor in 222.79 ms, found 4 plugins.
Preloading 0 native plugins for Editor in 0.00 ms.
Initialize engine version: 2021.3.23f1 (213b516bf396)
[Subsystems] Discovering subsystems at path C:/Program Files/Unity/Hub/Editor/2021.3.23f1/Editor/Data/Resources/UnitySubsystems
[Subsystems] Discovering subsystems at path C:/Users/alexander.roache/Documents/GitHub/first2d-project/Assets
GfxDevice: creating device client; threaded=0; jobified=0
Direct3D:
    Version:  Direct3D 11.0 [level 11.1]
    Renderer: NVIDIA RTX A4000 (ID=0x24b0)
    Vendor:   NVIDIA
    VRAM:     16183 MB
    Driver:   31.0.15.2886
Initialize mono
Mono path[0] = 'C:/Program Files/Unity/Hub/Editor/2021.3.23f1/Editor/Data/Managed'
Mono path[1] = 'C:/Program Files/Unity/Hub/Editor/2021.3.23f1/Editor/Data/MonoBleedingEdge/lib/mono/unityjit-win32'
Mono config path = 'C:/Program Files/Unity/Hub/Editor/2021.3.23f1/Editor/Data/MonoBleedingEdge/etc'
Using monoOptions --debugger-agent=transport=dt_socket,embedding=1,server=y,suspend=n,address=127.0.0.1:56292
Begin MonoManager ReloadAssembly
Registering precompiled unity dll's ...
Register platform support module: C:/Program Files/Unity/Hub/Editor/2021.3.23f1/Editor/Data/PlaybackEngines/AndroidPlayer/UnityEditor.Android.Extensions.dll
Register platform support module: C:/Program Files/Unity/Hub/Editor/2021.3.23f1/Editor/Data/PlaybackEngines/WindowsStandaloneSupport/UnityEditor.WindowsStandalone.Extensions.dll
Registered in 0.152700 seconds.
Native extension for WindowsStandalone target not found
Native extension for Android target not found
Android Extension - Scanning For ADB Devices 345 ms
Refreshing native plugins compatible for Editor in 98.48 ms, found 4 plugins.
Preloading 0 native plugins for Editor in 0.00 ms.
Mono: successfully reloaded assembly
- Completed reload, in  4.266 seconds
Domain Reload Profiling:
	ReloadAssembly (4267ms)
		BeginReloadAssembly (2498ms)
			ExecutionOrderSort (0ms)
			DisableScriptedObjects (0ms)
			BackupInstance (0ms)
			ReleaseScriptingObjects (0ms)
			CreateAndSetChildDomain (1ms)
		EndReloadAssembly (1359ms)
			LoadAssemblies (2495ms)
			RebuildTransferFunctionScriptingTraits (0ms)
			SetupTypeCache (575ms)
			ReleaseScriptCaches (0ms)
			RebuildScriptCaches (31ms)
			SetupLoadedEditorAssemblies (694ms)
				LogAssemblyErrors (0ms)
				InitializePlatformSupportModulesInManaged (445ms)
				SetLoadedEditorAssemblies (0ms)
				RefreshPlugins (99ms)
				BeforeProcessingInitializeOnLoad (1ms)
				ProcessInitializeOnLoadAttributes (98ms)
				ProcessInitializeOnLoadMethodAttributes (51ms)
				AfterProcessingInitializeOnLoad (0ms)
				EditorAssembliesLoaded (0ms)
			ExecutionOrderSort2 (0ms)
			AwakeInstancesAfterBackupRestoration (0ms)
Platform modules already initialized, skipping
Registering precompiled user dll's ...
Registered in 0.718010 seconds.
Begin MonoManager ReloadAssembly
Symbol file LoadedFromMemory doesn't match image C:\Users\alexander.roache\Documents\GitHub\first2d-project\Library\PackageCache\com.unity.visualscripting@1.8.0\Editor\VisualScripting.Core\Dependencies\YamlDotNet\Unity.VisualScripting.YamlDotNet.dll
Symbol file LoadedFromMemory doesn't match image C:\Users\alexander.roache\Documents\GitHub\first2d-project\Library\PackageCache\com.unity.visualscripting@1.8.0\Editor\VisualScripting.Core\Dependencies\DotNetZip\Unity.VisualScripting.IonicZip.dll
Native extension for WindowsStandalone target not found
Native extension for Android target not found
Refreshing native plugins compatible for Editor in 94.68 ms, found 4 plugins.
Preloading 0 native plugins for Editor in 0.00 ms.
Mono: successfully reloaded assembly
- Completed reload, in  3.862 seconds
Domain Reload Profiling:
	ReloadAssembly (3863ms)
		BeginReloadAssembly (109ms)
			ExecutionOrderSort (0ms)
			DisableScriptedObjects (6ms)
			BackupInstance (0ms)
			ReleaseScriptingObjects (0ms)
			CreateAndSetChildDomain (18ms)
		EndReloadAssembly (3597ms)
			LoadAssemblies (2381ms)
			RebuildTransferFunctionScriptingTraits (0ms)
			SetupTypeCache (534ms)
			ReleaseScriptCaches (1ms)
			RebuildScriptCaches (58ms)
			SetupLoadedEditorAssemblies (542ms)
				LogAssemblyErrors (0ms)
				InitializePlatformSupportModulesInManaged (18ms)
				SetLoadedEditorAssemblies (0ms)
				RefreshPlugins (95ms)
				BeforeProcessingInitializeOnLoad (98ms)
				ProcessInitializeOnLoadAttributes (280ms)
				ProcessInitializeOnLoadMethodAttributes (43ms)
				AfterProcessingInitializeOnLoad (7ms)
				EditorAssembliesLoaded (0ms)
			ExecutionOrderSort2 (0ms)
			AwakeInstancesAfterBackupRestoration (7ms)
Platform modules already initialized, skipping
========================================================================
Worker process is ready to serve import requests
Launched and connected shader compiler UnityShaderCompiler.exe after 0.06 seconds
Refreshing native plugins compatible for Editor in 0.59 ms, found 4 plugins.
Preloading 0 native plugins for Editor in 0.00 ms.
Unloading 3752 Unused Serialized files (Serialized files now loaded: 0)
Unloading 35 unused Assets / (56.5 KB). Loaded Objects now: 4213.
Memory consumption went from 145.4 MB to 145.4 MB.
Total: 5.411600 ms (FindLiveObjects: 0.456700 ms CreateObjectMapping: 0.128100 ms MarkObjects: 4.752200 ms  DeleteObjects: 0.073600 ms)

AssetImportParameters requested are different than current active one (requested -> active):
  custom:video-decoder-ogg-theora: a1e56fd34408186e4bbccfd4996cb3dc -> 
  custom:container-muxer-webm: aa71ff27fc2769a1b78a27578f13a17b -> 
  custom:container-demuxer-webm: 4f35f7cbe854078d1ac9338744f61a02 -> 
  custom:video-encoder-webm-vp8: eb34c28f22e8b96e1ab97ce403110664 -> 
  custom:audio-encoder-webm-vorbis: bf7c407c2cedff20999df2af8eb42d56 -> 
  custom:framework-win-MediaFoundation: 216162199b28c13a410421893ffa2e32 -> 
  custom:container-demuxer-ogg: 62fdf1f143b41e24485cea50d1cbac27 -> 
  custom:video-decoder-webm-vp8: 9c59270c3fd7afecdb556c50c9e8de78 -> 
  custom:audio-decoder-ogg-vorbis: bf7c407c2cedff20999df2af8eb42d56 -> 
========================================================================
Received Import Request.
  Time since last request: 8238.453862 seconds.
  path: Assets/kenney_pixel-platformer/Tiles/tile_0004.png
  artifactKey: Guid(b629ccbdfc26e7442abf2a422da354fa) Importer(815301076,1909f56bfc062723c751e8b465ee728b)
Start importing Assets/kenney_pixel-platformer/Tiles/tile_0004.png using Guid(b629ccbdfc26e7442abf2a422da354fa) Importer(815301076,1909f56bfc062723c751e8b465ee728b)  -> (artifact id: '6ed56d23234b53795cee034db3b151b7') in 0.144748 seconds 
========================================================================
Received Import Request.
  Time since last request: 0.000024 seconds.
  path: Assets/kenney_pixel-platformer/Tiles/tile_0043.png
  artifactKey: Guid(98a542ecaa410a344819a754c7f8dcbf) Importer(815301076,1909f56bfc062723c751e8b465ee728b)
Start importing Assets/kenney_pixel-platformer/Tiles/tile_0043.png using Guid(98a542ecaa410a344819a754c7f8dcbf) Importer(815301076,1909f56bfc062723c751e8b465ee728b)  -> (artifact id: '1b296626321310979f80c5cb916c3a7b') in 0.022539 seconds 
========================================================================
Received Import Request.
  Time since last request: 0.000037 seconds.
  path: Assets/kenney_pixel-platformer/Tiles/tile_0078.png
  artifactKey: Guid(e6164df44c87faa4090337fbfd7fbefa) Importer(815301076,1909f56bfc062723c751e8b465ee728b)
Start importing Assets/kenney_pixel-platformer/Tiles/tile_0078.png using Guid(e6164df44c87faa4090337fbfd7fbefa) Importer(815301076,1909f56bfc062723c751e8b465ee728b)  -> (artifact id: 'a0ec2352a160a46ca72e533b74f07654') in 0.019773 seconds 
========================================================================
Received Import Request.
  Time since last request: 0.000025 seconds.
  path: Assets/kenney_pixel-platformer/Tiles/tile_0016.png
  artifactKey: Guid(c324202e0e1b9814eabe20fabca670b4) Importer(815301076,1909f56bfc062723c751e8b465ee728b)
Start importing Assets/kenney_pixel-platformer/Tiles/tile_0016.png using Guid(c324202e0e1b9814eabe20fabca670b4) Importer(815301076,1909f56bfc062723c751e8b465ee728b)  -> (artifact id: 'ac9a1b9eb29c59849de0c8f69dbe53f4') in 0.020704 seconds 
========================================================================
Received Import Request.
  Time since last request: 0.000024 seconds.
  path: Assets/kenney_pixel-platformer/Tiles/tile_0030.png
  artifactKey: Guid(85e6d3ff09f74ae4e98fea050f1f54c2) Importer(815301076,1909f56bfc062723c751e8b465ee728b)
Start importing Assets/kenney_pixel-platformer/Tiles/tile_0030.png using Guid(85e6d3ff09f74ae4e98fea050f1f54c2) Importer(815301076,1909f56bfc062723c751e8b465ee728b)  -> (artifact id: '1241dec9cc50aa00ee2055ca8f4722b1') in 0.018145 seconds 
========================================================================
Received Import Request.
  Time since last request: 0.000051 seconds.
  path: Assets/kenney_pixel-platformer/Tiles/tile_0047.png
  artifactKey: Guid(4b2c771d0fd21c945a3b54b20fcbe5bf) Importer(815301076,1909f56bfc062723c751e8b465ee728b)
Start importing Assets/kenney_pixel-platformer/Tiles/tile_0047.png using Guid(4b2c771d0fd21c945a3b54b20fcbe5bf) Importer(815301076,1909f56bfc062723c751e8b465ee728b)  -> (artifact id: '8814d665e6470f417c6da13b15663911') in 0.020405 seconds 
========================================================================
Received Import Request.
  Time since last request: 0.000020 seconds.
  path: Assets/kenney_pixel-platformer/Tiles/tile_0076.png
  artifactKey: Guid(cce56fece9eaf1741947ca8b42e3d363) Importer(815301076,1909f56bfc062723c751e8b465ee728b)
Start importing Assets/kenney_pixel-platformer/Tiles/tile_0076.png using Guid(cce56fece9eaf1741947ca8b42e3d363) Importer(815301076,1909f56bfc062723c751e8b465ee728b)  -> (artifact id: '021f471add49af7bddce6340b627324f') in 0.020371 seconds 
========================================================================
Received Import Request.
  Time since last request: 0.000022 seconds.
  path: Assets/kenney_pixel-platformer/Tiles/tile_0069.png
  artifactKey: Guid(4ba0db4d294cf1e4b9d134dcdc01e58a) Importer(815301076,1909f56bfc062723c751e8b465ee728b)
Start importing Assets/kenney_pixel-platformer/Tiles/tile_0069.png using Guid(4ba0db4d294cf1e4b9d134dcdc01e58a) Importer(815301076,1909f56bfc062723c751e8b465ee728b)  -> (artifact id: '3ec89d9a2333977b6dbeece1137100e6') in 0.019173 seconds 
========================================================================
Received Import Request.
  Time since last request: 0.000024 seconds.
  path: Assets/kenney_pixel-platformer/Tiles/tile_0041.png
  artifactKey: Guid(d0626397ae1d4c543adb8ef634de330a) Importer(815301076,1909f56bfc062723c751e8b465ee728b)
Start importing Assets/kenney_pixel-platformer/Tiles/tile_0041.png using Guid(d0626397ae1d4c543adb8ef634de330a) Importer(815301076,1909f56bfc062723c751e8b465ee728b)  -> (artifact id: '895718cedb6bfbbd910fadf0126d3b6f') in 0.018142 seconds 
========================================================================
Received Import Request.
  Time since last request: 0.000021 seconds.
  path: Assets/kenney_pixel-platformer/Tiles/tile_0038.png
  artifactKey: Guid(d4c4fd01e2d297341a409e2cca65d7d5) Importer(815301076,1909f56bfc062723c751e8b465ee728b)
Start importing Assets/kenney_pixel-platformer/Tiles/tile_0038.png using Guid(d4c4fd01e2d297341a409e2cca65d7d5) Importer(815301076,1909f56bfc062723c751e8b465ee728b)  -> (artifact id: 'ceebde9ed34824365b82a1921db4015f') in 0.019380 seconds 
========================================================================
Received Import Request.
  Time since last request: 0.000022 seconds.
  path: Assets/kenney_pixel-platformer/Tiles/tile_0033.png
  artifactKey: Guid(5512cc66726a72d4c8dd02581769654c) Importer(815301076,1909f56bfc062723c751e8b465ee728b)
Start importing Assets/kenney_pixel-platformer/Tiles/tile_0033.png using Guid(5512cc66726a72d4c8dd02581769654c) Importer(815301076,1909f56bfc062723c751e8b465ee728b)  -> (artifact id: '4c298315dcc3336e8305dd561e1bdd51') in 0.023084 seconds 
========================================================================
Received Import Request.
  Time since last request: 0.000031 seconds.
  path: Assets/kenney_pixel-platformer/Tiles/tile_0063.png
  artifactKey: Guid(f577feef87f7deb48a3ed26ed611ea24) Importer(815301076,1909f56bfc062723c751e8b465ee728b)
Start importing Assets/kenney_pixel-platformer/Tiles/tile_0063.png using Guid(f577feef87f7deb48a3ed26ed611ea24) Importer(815301076,1909f56bfc062723c751e8b465ee728b)  -> (artifact id: '5facaa5169b7ef96e916fbb456aab4cd') in 0.019688 seconds 
========================================================================
Received Import Request.
  Time since last request: 0.000022 seconds.
  path: Assets/kenney_pixel-platformer/Tiles/tile_0048.png
  artifactKey: Guid(408e11b31b4e00940b667fe2b181e035) Importer(815301076,1909f56bfc062723c751e8b465ee728b)
Start importing Assets/kenney_pixel-platformer/Tiles/tile_0048.png using Guid(408e11b31b4e00940b667fe2b181e035) Importer(815301076,1909f56bfc062723c751e8b465ee728b)  -> (artifact id: '3c49d75975e62db85d45c358ffb19328') in 0.025770 seconds 
========================================================================
Received Import Request.
  Time since last request: 0.000186 seconds.
  path: Assets/kenney_pixel-platformer/Tiles/tile_0014.png
  artifactKey: Guid(73657d27a6a97564b9b76aa183e8a3f9) Importer(815301076,1909f56bfc062723c751e8b465ee728b)
Start importing Assets/kenney_pixel-platformer/Tiles/tile_0014.png using Guid(73657d27a6a97564b9b76aa183e8a3f9) Importer(815301076,1909f56bfc062723c751e8b465ee728b)  -> (artifact id: '01f87713b6f2cb1668da4555a058c92f') in 0.018372 seconds 
========================================================================
Received Import Request.
  Time since last request: 0.000021 seconds.
  path: Assets/kenney_pixel-platformer/Tiles/tile_0024.png
  artifactKey: Guid(302123810e1ff6c4eaff2d733cc8a725) Importer(815301076,1909f56bfc062723c751e8b465ee728b)
Start importing Assets/kenney_pixel-platformer/Tiles/tile_0024.png using Guid(302123810e1ff6c4eaff2d733cc8a725) Importer(815301076,1909f56bfc062723c751e8b465ee728b)  -> (artifact id: '2836b371896c7ee75745c138968d834d') in 0.021540 seconds 
Editor requested this worker to shutdown with reason: Scaling down because of idle timeout
AssetImportWorker is now disconnected from the server
Process exiting
Exiting without the bug reporter. Application will terminate with return code 0