Using pre-set license
Built from '2021.3/staging' branch; Version is '2021.3.23f1 (213b516bf396) revision 2177873'; Using compiler version '192829333'; Build Type 'Release'
OS: 'Windows 10  (10.0.19045) 64bit Enterprise' Language: 'en' Physical Memory: 65224 MB
BatchMode: 1, IsHumanControllingUs: 0, StartBugReporterOnCrash: 0, Is64bit: 1, IsPro: 1

COMMAND LINE ARGUMENTS:
C:\Program Files\Unity\Hub\Editor\2021.3.23f1\Editor\Unity.exe
-adb2
-batchMode
-noUpm
-name
AssetImportWorker4
-projectPath
C:/Users/alexander.roache/Documents/GitHub/first2d-project
-logFile
Logs/AssetImportWorker4.log
-srvPort
59165
Successfully changed project path to: C:/Users/alexander.roache/Documents/GitHub/first2d-project
C:/Users/alexander.roache/Documents/GitHub/first2d-project
[UnityMemory] Configuration Parameters - Can be set up in boot.config
    "memorysetup-bucket-allocator-granularity=16"
    "memorysetup-bucket-allocator-bucket-count=8"
    "memorysetup-bucket-allocator-block-size=33554432"
    "memorysetup-bucket-allocator-block-count=8"
    "memorysetup-main-allocator-block-size=16777216"
    "memorysetup-thread-allocator-block-size=16777216"
    "memorysetup-gfx-main-allocator-block-size=16777216"
    "memorysetup-gfx-thread-allocator-block-size=16777216"
    "memorysetup-cache-allocator-block-size=4194304"
    "memorysetup-typetree-allocator-block-size=2097152"
    "memorysetup-profiler-bucket-allocator-granularity=16"
    "memorysetup-profiler-bucket-allocator-bucket-count=8"
    "memorysetup-profiler-bucket-allocator-block-size=33554432"
    "memorysetup-profiler-bucket-allocator-block-count=8"
    "memorysetup-profiler-allocator-block-size=16777216"
    "memorysetup-profiler-editor-allocator-block-size=1048576"
    "memorysetup-temp-allocator-size-main=16777216"
    "memorysetup-job-temp-allocator-block-size=2097152"
    "memorysetup-job-temp-allocator-block-size-background=1048576"
    "memorysetup-job-temp-allocator-reduction-small-platforms=262144"
    "memorysetup-temp-allocator-size-background-worker=32768"
    "memorysetup-temp-allocator-size-job-worker=262144"
    "memorysetup-temp-allocator-size-preload-manager=33554432"
    "memorysetup-temp-allocator-size-nav-mesh-worker=65536"
    "memorysetup-temp-allocator-size-audio-worker=65536"
    "memorysetup-temp-allocator-size-cloud-worker=32768"
    "memorysetup-temp-allocator-size-gi-baking-worker=262144"
    "memorysetup-temp-allocator-size-gfx=262144"
Player connection [16292] Host "[IP] 172.27.14.105 [Port] 0 [Flags] 2 [Guid] 1501280558 [EditorId] 1501280558 [Version] 1048832 [Id] WindowsEditor(7,NS00J002004DE12) [Debug] 1 [PackageName] WindowsEditor [ProjectName] Editor" joined multi-casting on [225.0.0.222:54997]...

Player connection [16292] Host "[IP] 172.27.14.105 [Port] 0 [Flags] 2 [Guid] 1501280558 [EditorId] 1501280558 [Version] 1048832 [Id] WindowsEditor(7,NS00J002004DE12) [Debug] 1 [PackageName] WindowsEditor [ProjectName] Editor" joined alternative multi-casting on [225.0.0.222:34997]...

Refreshing native plugins compatible for Editor in 223.16 ms, found 4 plugins.
Preloading 0 native plugins for Editor in 0.00 ms.
Initialize engine version: 2021.3.23f1 (213b516bf396)
[Subsystems] Discovering subsystems at path C:/Program Files/Unity/Hub/Editor/2021.3.23f1/Editor/Data/Resources/UnitySubsystems
[Subsystems] Discovering subsystems at path C:/Users/alexander.roache/Documents/GitHub/first2d-project/Assets
GfxDevice: creating device client; threaded=0; jobified=0
Direct3D:
    Version:  Direct3D 11.0 [level 11.1]
    Renderer: NVIDIA RTX A4000 (ID=0x24b0)
    Vendor:   NVIDIA
    VRAM:     16183 MB
    Driver:   31.0.15.2886
Initialize mono
Mono path[0] = 'C:/Program Files/Unity/Hub/Editor/2021.3.23f1/Editor/Data/Managed'
Mono path[1] = 'C:/Program Files/Unity/Hub/Editor/2021.3.23f1/Editor/Data/MonoBleedingEdge/lib/mono/unityjit-win32'
Mono config path = 'C:/Program Files/Unity/Hub/Editor/2021.3.23f1/Editor/Data/MonoBleedingEdge/etc'
Using monoOptions --debugger-agent=transport=dt_socket,embedding=1,server=y,suspend=n,address=127.0.0.1:56140
Begin MonoManager ReloadAssembly
Registering precompiled unity dll's ...
Register platform support module: C:/Program Files/Unity/Hub/Editor/2021.3.23f1/Editor/Data/PlaybackEngines/AndroidPlayer/UnityEditor.Android.Extensions.dll
Register platform support module: C:/Program Files/Unity/Hub/Editor/2021.3.23f1/Editor/Data/PlaybackEngines/WindowsStandaloneSupport/UnityEditor.WindowsStandalone.Extensions.dll
Registered in 0.152571 seconds.
Native extension for WindowsStandalone target not found
Native extension for Android target not found
Android Extension - Scanning For ADB Devices 356 ms
Refreshing native plugins compatible for Editor in 94.33 ms, found 4 plugins.
Preloading 0 native plugins for Editor in 0.00 ms.
Mono: successfully reloaded assembly
- Completed reload, in  4.268 seconds
Domain Reload Profiling:
	ReloadAssembly (4268ms)
		BeginReloadAssembly (2498ms)
			ExecutionOrderSort (0ms)
			DisableScriptedObjects (0ms)
			BackupInstance (0ms)
			ReleaseScriptingObjects (0ms)
			CreateAndSetChildDomain (1ms)
		EndReloadAssembly (1361ms)
			LoadAssemblies (2496ms)
			RebuildTransferFunctionScriptingTraits (0ms)
			SetupTypeCache (580ms)
			ReleaseScriptCaches (0ms)
			RebuildScriptCaches (31ms)
			SetupLoadedEditorAssemblies (695ms)
				LogAssemblyErrors (0ms)
				InitializePlatformSupportModulesInManaged (455ms)
				SetLoadedEditorAssemblies (0ms)
				RefreshPlugins (94ms)
				BeforeProcessingInitializeOnLoad (1ms)
				ProcessInitializeOnLoadAttributes (98ms)
				ProcessInitializeOnLoadMethodAttributes (46ms)
				AfterProcessingInitializeOnLoad (0ms)
				EditorAssembliesLoaded (0ms)
			ExecutionOrderSort2 (0ms)
			AwakeInstancesAfterBackupRestoration (0ms)
Platform modules already initialized, skipping
Registering precompiled user dll's ...
Registered in 0.716564 seconds.
Begin MonoManager ReloadAssembly
Symbol file LoadedFromMemory doesn't match image C:\Users\alexander.roache\Documents\GitHub\first2d-project\Library\PackageCache\com.unity.visualscripting@1.8.0\Editor\VisualScripting.Core\Dependencies\YamlDotNet\Unity.VisualScripting.YamlDotNet.dll
Symbol file LoadedFromMemory doesn't match image C:\Users\alexander.roache\Documents\GitHub\first2d-project\Library\PackageCache\com.unity.visualscripting@1.8.0\Editor\VisualScripting.Core\Dependencies\DotNetZip\Unity.VisualScripting.IonicZip.dll
Native extension for WindowsStandalone target not found
Native extension for Android target not found
Refreshing native plugins compatible for Editor in 92.49 ms, found 4 plugins.
Preloading 0 native plugins for Editor in 0.00 ms.
Mono: successfully reloaded assembly
- Completed reload, in  3.860 seconds
Domain Reload Profiling:
	ReloadAssembly (3861ms)
		BeginReloadAssembly (105ms)
			ExecutionOrderSort (0ms)
			DisableScriptedObjects (6ms)
			BackupInstance (0ms)
			ReleaseScriptingObjects (0ms)
			CreateAndSetChildDomain (18ms)
		EndReloadAssembly (3596ms)
			LoadAssemblies (2377ms)
			RebuildTransferFunctionScriptingTraits (0ms)
			SetupTypeCache (535ms)
			ReleaseScriptCaches (1ms)
			RebuildScriptCaches (58ms)
			SetupLoadedEditorAssemblies (542ms)
				LogAssemblyErrors (0ms)
				InitializePlatformSupportModulesInManaged (18ms)
				SetLoadedEditorAssemblies (0ms)
				RefreshPlugins (93ms)
				BeforeProcessingInitializeOnLoad (100ms)
				ProcessInitializeOnLoadAttributes (280ms)
				ProcessInitializeOnLoadMethodAttributes (43ms)
				AfterProcessingInitializeOnLoad (8ms)
				EditorAssembliesLoaded (0ms)
			ExecutionOrderSort2 (0ms)
			AwakeInstancesAfterBackupRestoration (7ms)
Platform modules already initialized, skipping
========================================================================
Worker process is ready to serve import requests
Launched and connected shader compiler UnityShaderCompiler.exe after 0.07 seconds
Refreshing native plugins compatible for Editor in 0.64 ms, found 4 plugins.
Preloading 0 native plugins for Editor in 0.00 ms.
Unloading 3752 Unused Serialized files (Serialized files now loaded: 0)
Unloading 35 unused Assets / (56.5 KB). Loaded Objects now: 4213.
Memory consumption went from 145.4 MB to 145.4 MB.
Total: 3.333700 ms (FindLiveObjects: 0.453800 ms CreateObjectMapping: 0.131200 ms MarkObjects: 2.664900 ms  DeleteObjects: 0.082700 ms)

AssetImportParameters requested are different than current active one (requested -> active):
  custom:video-decoder-ogg-theora: a1e56fd34408186e4bbccfd4996cb3dc -> 
  custom:container-muxer-webm: aa71ff27fc2769a1b78a27578f13a17b -> 
  custom:container-demuxer-webm: 4f35f7cbe854078d1ac9338744f61a02 -> 
  custom:video-encoder-webm-vp8: eb34c28f22e8b96e1ab97ce403110664 -> 
  custom:audio-encoder-webm-vorbis: bf7c407c2cedff20999df2af8eb42d56 -> 
  custom:framework-win-MediaFoundation: 216162199b28c13a410421893ffa2e32 -> 
  custom:container-demuxer-ogg: 62fdf1f143b41e24485cea50d1cbac27 -> 
  custom:video-decoder-webm-vp8: 9c59270c3fd7afecdb556c50c9e8de78 -> 
  custom:audio-decoder-ogg-vorbis: bf7c407c2cedff20999df2af8eb42d56 -> 
========================================================================
Received Import Request.
  Time since last request: 8238.351347 seconds.
  path: Assets/kenney_pixel-platformer/Tiles
  artifactKey: Guid(81fbfbf783b3b174a80b2e68270fad8d) Importer(815301076,1909f56bfc062723c751e8b465ee728b)
Start importing Assets/kenney_pixel-platformer/Tiles using Guid(81fbfbf783b3b174a80b2e68270fad8d) Importer(815301076,1909f56bfc062723c751e8b465ee728b)  -> (artifact id: 'ae039b3e5e3fb1f551ca80b7ec65a0b5') in 0.017069 seconds 
========================================================================
Received Import Request.
  Time since last request: 0.076880 seconds.
  path: Assets/kenney_pixel-platformer/Tiles/tile_0000.png
  artifactKey: Guid(e8f4430c7079cbf46a1f53e604a9fa40) Importer(815301076,1909f56bfc062723c751e8b465ee728b)
Start importing Assets/kenney_pixel-platformer/Tiles/tile_0000.png using Guid(e8f4430c7079cbf46a1f53e604a9fa40) Importer(815301076,1909f56bfc062723c751e8b465ee728b)  -> (artifact id: '3fa860bbf29c3defc51776dd1c19e04b') in 0.144391 seconds 
========================================================================
Received Import Request.
  Time since last request: 0.000026 seconds.
  path: Assets/kenney_pixel-platformer/Tiles/tile_0028.png
  artifactKey: Guid(4d547c9e4e689da488487420fe976d97) Importer(815301076,1909f56bfc062723c751e8b465ee728b)
Start importing Assets/kenney_pixel-platformer/Tiles/tile_0028.png using Guid(4d547c9e4e689da488487420fe976d97) Importer(815301076,1909f56bfc062723c751e8b465ee728b)  -> (artifact id: 'bff15f0f968459aa124fdb7b48bd76dd') in 0.018763 seconds 
========================================================================
Received Import Request.
  Time since last request: 0.000031 seconds.
  path: Assets/kenney_pixel-platformer/Tiles/tile_0059.png
  artifactKey: Guid(d94bc52f88f2e3649bf4ffb36e032631) Importer(815301076,1909f56bfc062723c751e8b465ee728b)
Start importing Assets/kenney_pixel-platformer/Tiles/tile_0059.png using Guid(d94bc52f88f2e3649bf4ffb36e032631) Importer(815301076,1909f56bfc062723c751e8b465ee728b)  -> (artifact id: 'efac4019b452b96648eaf7e6d46eb0c3') in 0.019267 seconds 
========================================================================
Received Import Request.
  Time since last request: 0.000021 seconds.
  path: Assets/kenney_pixel-platformer/Tiles/tile_0042.png
  artifactKey: Guid(2307e86eea790f04eb90bd4ce4f2f5dd) Importer(815301076,1909f56bfc062723c751e8b465ee728b)
Start importing Assets/kenney_pixel-platformer/Tiles/tile_0042.png using Guid(2307e86eea790f04eb90bd4ce4f2f5dd) Importer(815301076,1909f56bfc062723c751e8b465ee728b)  -> (artifact id: '0dd7f7f219db1741475f0f2aeb1f298d') in 0.021977 seconds 
========================================================================
Received Import Request.
  Time since last request: 0.000022 seconds.
  path: Assets/kenney_pixel-platformer/Tiles/tile_0046.png
  artifactKey: Guid(8f7c2b7e68befbe45afd3df85bace4d4) Importer(815301076,1909f56bfc062723c751e8b465ee728b)
Start importing Assets/kenney_pixel-platformer/Tiles/tile_0046.png using Guid(8f7c2b7e68befbe45afd3df85bace4d4) Importer(815301076,1909f56bfc062723c751e8b465ee728b)  -> (artifact id: 'd777f1f71565cb7ebb4d2bf23f128ebd') in 0.019643 seconds 
========================================================================
Received Import Request.
  Time since last request: 0.000019 seconds.
  path: Assets/kenney_pixel-platformer/Tiles/tile_0008.png
  artifactKey: Guid(6491b0cdfd1019b4f80cf68582e25cdf) Importer(815301076,1909f56bfc062723c751e8b465ee728b)
Start importing Assets/kenney_pixel-platformer/Tiles/tile_0008.png using Guid(6491b0cdfd1019b4f80cf68582e25cdf) Importer(815301076,1909f56bfc062723c751e8b465ee728b)  -> (artifact id: '1c3810138c7171339ccaadf0d4699013') in 0.021146 seconds 
========================================================================
Received Import Request.
  Time since last request: 0.000023 seconds.
  path: Assets/kenney_pixel-platformer/Tiles/tile_0067.png
  artifactKey: Guid(dbb517a2969b29a46a910d58195e3947) Importer(815301076,1909f56bfc062723c751e8b465ee728b)
Start importing Assets/kenney_pixel-platformer/Tiles/tile_0067.png using Guid(dbb517a2969b29a46a910d58195e3947) Importer(815301076,1909f56bfc062723c751e8b465ee728b)  -> (artifact id: '7fd0ef9a82100c45d750d53fb7d560b0') in 0.020819 seconds 
========================================================================
Received Import Request.
  Time since last request: 0.000020 seconds.
  path: Assets/kenney_pixel-platformer/Tiles/tile_0015.png
  artifactKey: Guid(2aefae8c7ac6ef24a8af2548c6311df4) Importer(815301076,1909f56bfc062723c751e8b465ee728b)
Start importing Assets/kenney_pixel-platformer/Tiles/tile_0015.png using Guid(2aefae8c7ac6ef24a8af2548c6311df4) Importer(815301076,1909f56bfc062723c751e8b465ee728b)  -> (artifact id: '18df4a8389e027678cd5a4a377d2f98f') in 0.020781 seconds 
========================================================================
Received Import Request.
  Time since last request: 0.000020 seconds.
  path: Assets/kenney_pixel-platformer/Tiles/tile_0005.png
  artifactKey: Guid(463c3e786422e4548a6220a7d94397d1) Importer(815301076,1909f56bfc062723c751e8b465ee728b)
Start importing Assets/kenney_pixel-platformer/Tiles/tile_0005.png using Guid(463c3e786422e4548a6220a7d94397d1) Importer(815301076,1909f56bfc062723c751e8b465ee728b)  -> (artifact id: '17d4cec5f090a6fbed7a02dbbb526e7a') in 0.023054 seconds 
========================================================================
Received Import Request.
  Time since last request: 0.000022 seconds.
  path: Assets/kenney_pixel-platformer/Tiles/tile_0049.png
  artifactKey: Guid(63b2719895d807a408d89006ffe8d666) Importer(815301076,1909f56bfc062723c751e8b465ee728b)
Start importing Assets/kenney_pixel-platformer/Tiles/tile_0049.png using Guid(63b2719895d807a408d89006ffe8d666) Importer(815301076,1909f56bfc062723c751e8b465ee728b)  -> (artifact id: 'cac491d7f5764451016d24ddb80cddce') in 0.017878 seconds 
========================================================================
Received Import Request.
  Time since last request: 0.000022 seconds.
  path: Assets/kenney_pixel-platformer/Tiles/tile_0036.png
  artifactKey: Guid(461f83f6b9f16f0438d4a304be38150d) Importer(815301076,1909f56bfc062723c751e8b465ee728b)
Start importing Assets/kenney_pixel-platformer/Tiles/tile_0036.png using Guid(461f83f6b9f16f0438d4a304be38150d) Importer(815301076,1909f56bfc062723c751e8b465ee728b)  -> (artifact id: '729984e5a9f00ad3d066fd87d278b793') in 0.020217 seconds 
========================================================================
Received Import Request.
  Time since last request: 0.000025 seconds.
  path: Assets/kenney_pixel-platformer/Tiles/tile_0051.png
  artifactKey: Guid(3a3284bc05edbba42b6720fc5f8a9f73) Importer(815301076,1909f56bfc062723c751e8b465ee728b)
Start importing Assets/kenney_pixel-platformer/Tiles/tile_0051.png using Guid(3a3284bc05edbba42b6720fc5f8a9f73) Importer(815301076,1909f56bfc062723c751e8b465ee728b)  -> (artifact id: '3f71cf38315ca0f0c2bc005c3fd07965') in 0.024198 seconds 
========================================================================
Received Import Request.
  Time since last request: 0.000034 seconds.
  path: Assets/kenney_pixel-platformer/Tiles/tile_0012.png
  artifactKey: Guid(41b314effcaa2484da26c773537cf54c) Importer(815301076,1909f56bfc062723c751e8b465ee728b)
Start importing Assets/kenney_pixel-platformer/Tiles/tile_0012.png using Guid(41b314effcaa2484da26c773537cf54c) Importer(815301076,1909f56bfc062723c751e8b465ee728b)  -> (artifact id: 'adbcddfb624a358d83eeb59a5353df18') in 0.023404 seconds 
========================================================================
Received Import Request.
  Time since last request: 0.000024 seconds.
  path: Assets/kenney_pixel-platformer/Tiles/tile_0071.png
  artifactKey: Guid(603ca4baea023694a895bd02454c2d75) Importer(815301076,1909f56bfc062723c751e8b465ee728b)
Start importing Assets/kenney_pixel-platformer/Tiles/tile_0071.png using Guid(603ca4baea023694a895bd02454c2d75) Importer(815301076,1909f56bfc062723c751e8b465ee728b)  -> (artifact id: '055b9b1b00936d6f19bfaaf13bd75329') in 0.018926 seconds 
========================================================================
Received Import Request.
  Time since last request: 0.000022 seconds.
  path: Assets/kenney_pixel-platformer/Tiles/tile_0020.png
  artifactKey: Guid(01687bed5399f2f40845b310486e08b9) Importer(815301076,1909f56bfc062723c751e8b465ee728b)
Start importing Assets/kenney_pixel-platformer/Tiles/tile_0020.png using Guid(01687bed5399f2f40845b310486e08b9) Importer(815301076,1909f56bfc062723c751e8b465ee728b)  -> (artifact id: 'bb3d08bb26afed735dd3a87df43c6ea1') in 0.020519 seconds 
========================================================================
Received Import Request.
  Time since last request: 3.918438 seconds.
  path: Assets/kenney_pixel-platformer/Tilemap
  artifactKey: Guid(c5e27abd53188ea4992288f6b4ef7fdd) Importer(815301076,1909f56bfc062723c751e8b465ee728b)
Start importing Assets/kenney_pixel-platformer/Tilemap using Guid(c5e27abd53188ea4992288f6b4ef7fdd) Importer(815301076,1909f56bfc062723c751e8b465ee728b)  -> (artifact id: 'dd68e16d1576cd98e211670346c1efa8') in 0.013125 seconds 
========================================================================
Received Import Request.
  Time since last request: 0.072608 seconds.
  path: Assets/kenney_pixel-platformer/Tilemap/characters.png
  artifactKey: Guid(512055d669a2f3a499a67906c5001140) Importer(815301076,1909f56bfc062723c751e8b465ee728b)
Start importing Assets/kenney_pixel-platformer/Tilemap/characters.png using Guid(512055d669a2f3a499a67906c5001140) Importer(815301076,1909f56bfc062723c751e8b465ee728b)  -> (artifact id: 'f1b75c85417c299a7fb33b9fdcd52344') in 0.073033 seconds 
========================================================================
Received Import Request.
  Time since last request: 224.954774 seconds.
  path: Assets/kenney_pixel-platformer/Tilemap/characters_packed.png
  artifactKey: Guid(51cc3e8182c04f5499f934ddb53af6fb) Importer(815301076,1909f56bfc062723c751e8b465ee728b)
Start importing Assets/kenney_pixel-platformer/Tilemap/characters_packed.png using Guid(51cc3e8182c04f5499f934ddb53af6fb) Importer(815301076,1909f56bfc062723c751e8b465ee728b)  -> (artifact id: 'fba1726a90ba8226e0d3c2450a007bca') in 0.064806 seconds 
========================================================================
Received Import Request.
  Time since last request: 217.503012 seconds.
  path: Assets/kenney_pixel-platformer/Tilemap/characters_packed.png
  artifactKey: Guid(51cc3e8182c04f5499f934ddb53af6fb) Importer(815301076,1909f56bfc062723c751e8b465ee728b)
Start importing Assets/kenney_pixel-platformer/Tilemap/characters_packed.png using Guid(51cc3e8182c04f5499f934ddb53af6fb) Importer(815301076,1909f56bfc062723c751e8b465ee728b)  -> (artifact id: 'e81dd433da0bd8b21efa2bac04b07aae') in 0.084891 seconds 
========================================================================
Received Import Request.
  Time since last request: 384.685657 seconds.
  path: Assets/kenney_pixel-platformer/Tilemap/characters_packed.png
  artifactKey: Guid(51cc3e8182c04f5499f934ddb53af6fb) Importer(815301076,1909f56bfc062723c751e8b465ee728b)
Start importing Assets/kenney_pixel-platformer/Tilemap/characters_packed.png using Guid(51cc3e8182c04f5499f934ddb53af6fb) Importer(815301076,1909f56bfc062723c751e8b465ee728b)  -> (artifact id: '8f3c0e4388f206f673aec854d1baba01') in 0.048318 seconds 
========================================================================
Received Prepare
Registering precompiled user dll's ...
Registered in 0.005796 seconds.
Begin MonoManager ReloadAssembly
Symbol file LoadedFromMemory doesn't match image C:\Users\alexander.roache\Documents\GitHub\first2d-project\Library\PackageCache\com.unity.visualscripting@1.8.0\Editor\VisualScripting.Core\Dependencies\YamlDotNet\Unity.VisualScripting.YamlDotNet.dll
Symbol file LoadedFromMemory doesn't match image C:\Users\alexander.roache\Documents\GitHub\first2d-project\Library\PackageCache\com.unity.visualscripting@1.8.0\Editor\VisualScripting.Core\Dependencies\DotNetZip\Unity.VisualScripting.IonicZip.dll
Native extension for WindowsStandalone target not found
Native extension for Android target not found
Refreshing native plugins compatible for Editor in 0.62 ms, found 4 plugins.
Preloading 0 native plugins for Editor in 0.00 ms.
Mono: successfully reloaded assembly
- Completed reload, in  1.131 seconds
Domain Reload Profiling:
	ReloadAssembly (1132ms)
		BeginReloadAssembly (176ms)
			ExecutionOrderSort (0ms)
			DisableScriptedObjects (7ms)
			BackupInstance (0ms)
			ReleaseScriptingObjects (0ms)
			CreateAndSetChildDomain (30ms)
		EndReloadAssembly (839ms)
			LoadAssemblies (141ms)
			RebuildTransferFunctionScriptingTraits (0ms)
			SetupTypeCache (307ms)
			ReleaseScriptCaches (1ms)
			RebuildScriptCaches (43ms)
			SetupLoadedEditorAssemblies (332ms)
				LogAssemblyErrors (0ms)
				InitializePlatformSupportModulesInManaged (19ms)
				SetLoadedEditorAssemblies (0ms)
				RefreshPlugins (1ms)
				BeforeProcessingInitializeOnLoad (70ms)
				ProcessInitializeOnLoadAttributes (196ms)
				ProcessInitializeOnLoadMethodAttributes (39ms)
				AfterProcessingInitializeOnLoad (7ms)
				EditorAssembliesLoaded (0ms)
			ExecutionOrderSort2 (0ms)
			AwakeInstancesAfterBackupRestoration (8ms)
Platform modules already initialized, skipping
Refreshing native plugins compatible for Editor in 2.71 ms, found 4 plugins.
Preloading 0 native plugins for Editor in 0.00 ms.
Unloading 3728 Unused Serialized files (Serialized files now loaded: 0)
Unloading 22 unused Assets / (24.6 KB). Loaded Objects now: 4228.
Memory consumption went from 147.4 MB to 147.3 MB.
Total: 2.871500 ms (FindLiveObjects: 0.355100 ms CreateObjectMapping: 0.093300 ms MarkObjects: 2.401800 ms  DeleteObjects: 0.019400 ms)

AssetImportParameters requested are different than current active one (requested -> active):
  custom:video-decoder-ogg-theora: a1e56fd34408186e4bbccfd4996cb3dc -> 
  custom:container-muxer-webm: aa71ff27fc2769a1b78a27578f13a17b -> 
  custom:container-demuxer-webm: 4f35f7cbe854078d1ac9338744f61a02 -> 
  custom:video-encoder-webm-vp8: eb34c28f22e8b96e1ab97ce403110664 -> 
  custom:audio-encoder-webm-vorbis: bf7c407c2cedff20999df2af8eb42d56 -> 
  custom:framework-win-MediaFoundation: 216162199b28c13a410421893ffa2e32 -> 
  custom:container-demuxer-ogg: 62fdf1f143b41e24485cea50d1cbac27 -> 
  custom:video-decoder-webm-vp8: 9c59270c3fd7afecdb556c50c9e8de78 -> 
  custom:audio-decoder-ogg-vorbis: bf7c407c2cedff20999df2af8eb42d56 -> 
========================================================================
Received Prepare
Registering precompiled user dll's ...
Registered in 0.007604 seconds.
Begin MonoManager ReloadAssembly
Symbol file LoadedFromMemory doesn't match image C:\Users\alexander.roache\Documents\GitHub\first2d-project\Library\PackageCache\com.unity.visualscripting@1.8.0\Editor\VisualScripting.Core\Dependencies\YamlDotNet\Unity.VisualScripting.YamlDotNet.dll
Symbol file LoadedFromMemory doesn't match image C:\Users\alexander.roache\Documents\GitHub\first2d-project\Library\PackageCache\com.unity.visualscripting@1.8.0\Editor\VisualScripting.Core\Dependencies\DotNetZip\Unity.VisualScripting.IonicZip.dll
Native extension for WindowsStandalone target not found
Native extension for Android target not found
Refreshing native plugins compatible for Editor in 0.67 ms, found 4 plugins.
Preloading 0 native plugins for Editor in 0.00 ms.
Mono: successfully reloaded assembly
- Completed reload, in  1.125 seconds
Domain Reload Profiling:
	ReloadAssembly (1126ms)
		BeginReloadAssembly (157ms)
			ExecutionOrderSort (0ms)
			DisableScriptedObjects (10ms)
			BackupInstance (0ms)
			ReleaseScriptingObjects (0ms)
			CreateAndSetChildDomain (36ms)
		EndReloadAssembly (855ms)
			LoadAssemblies (111ms)
			RebuildTransferFunctionScriptingTraits (0ms)
			SetupTypeCache (248ms)
			ReleaseScriptCaches (1ms)
			RebuildScriptCaches (52ms)
			SetupLoadedEditorAssemblies (374ms)
				LogAssemblyErrors (0ms)
				InitializePlatformSupportModulesInManaged (21ms)
				SetLoadedEditorAssemblies (0ms)
				RefreshPlugins (1ms)
				BeforeProcessingInitializeOnLoad (82ms)
				ProcessInitializeOnLoadAttributes (219ms)
				ProcessInitializeOnLoadMethodAttributes (42ms)
				AfterProcessingInitializeOnLoad (9ms)
				EditorAssembliesLoaded (0ms)
			ExecutionOrderSort2 (0ms)
			AwakeInstancesAfterBackupRestoration (9ms)
Platform modules already initialized, skipping
Refreshing native plugins compatible for Editor in 2.60 ms, found 4 plugins.
Preloading 0 native plugins for Editor in 0.00 ms.
Unloading 3728 Unused Serialized files (Serialized files now loaded: 0)
Unloading 22 unused Assets / (24.6 KB). Loaded Objects now: 4231.
Memory consumption went from 147.4 MB to 147.3 MB.
Total: 3.094200 ms (FindLiveObjects: 0.447500 ms CreateObjectMapping: 0.105500 ms MarkObjects: 2.515500 ms  DeleteObjects: 0.024600 ms)

AssetImportParameters requested are different than current active one (requested -> active):
  custom:video-decoder-ogg-theora: a1e56fd34408186e4bbccfd4996cb3dc -> 
  custom:container-muxer-webm: aa71ff27fc2769a1b78a27578f13a17b -> 
  custom:container-demuxer-webm: 4f35f7cbe854078d1ac9338744f61a02 -> 
  custom:video-encoder-webm-vp8: eb34c28f22e8b96e1ab97ce403110664 -> 
  custom:audio-encoder-webm-vorbis: bf7c407c2cedff20999df2af8eb42d56 -> 
  custom:framework-win-MediaFoundation: 216162199b28c13a410421893ffa2e32 -> 
  custom:container-demuxer-ogg: 62fdf1f143b41e24485cea50d1cbac27 -> 
  custom:video-decoder-webm-vp8: 9c59270c3fd7afecdb556c50c9e8de78 -> 
  custom:audio-decoder-ogg-vorbis: bf7c407c2cedff20999df2af8eb42d56 -> 
========================================================================
Received Import Request.
  Time since last request: 146.756289 seconds.
  path: Assets/kenney_pixel-platformer/Tilemap/tiles_packed.png
  artifactKey: Guid(2d6ddc073eb00044c9de2024cb45f259) Importer(815301076,1909f56bfc062723c751e8b465ee728b)
Start importing Assets/kenney_pixel-platformer/Tilemap/tiles_packed.png using Guid(2d6ddc073eb00044c9de2024cb45f259) Importer(815301076,1909f56bfc062723c751e8b465ee728b)  -> (artifact id: 'ec8e9f497d03dcaed402a1de309aff19') in 0.110598 seconds 
========================================================================
Received Import Request.
  Time since last request: 28.752657 seconds.
  path: Assets/kenney_pixel-platformer/Tilemap/tiles_packed.png
  artifactKey: Guid(2d6ddc073eb00044c9de2024cb45f259) Importer(815301076,1909f56bfc062723c751e8b465ee728b)
Start importing Assets/kenney_pixel-platformer/Tilemap/tiles_packed.png using Guid(2d6ddc073eb00044c9de2024cb45f259) Importer(815301076,1909f56bfc062723c751e8b465ee728b)  -> (artifact id: 'cf50b137a8bd39290e7ea8e59f02a32c') in 0.078918 seconds 
========================================================================
Received Import Request.
  Time since last request: 16.926195 seconds.
  path: Assets/kenney_pixel-platformer/Tilemap/tiles_packed.png
  artifactKey: Guid(2d6ddc073eb00044c9de2024cb45f259) Importer(815301076,1909f56bfc062723c751e8b465ee728b)
Start importing Assets/kenney_pixel-platformer/Tilemap/tiles_packed.png using Guid(2d6ddc073eb00044c9de2024cb45f259) Importer(815301076,1909f56bfc062723c751e8b465ee728b)  -> (artifact id: '2cfdfedcbd4e4e88b7b749c925198354') in 1.083314 seconds 
========================================================================
Received Prepare
Registering precompiled user dll's ...
Registered in 0.006430 seconds.
Begin MonoManager ReloadAssembly
Symbol file LoadedFromMemory doesn't match image C:\Users\alexander.roache\Documents\GitHub\first2d-project\Library\PackageCache\com.unity.visualscripting@1.8.0\Editor\VisualScripting.Core\Dependencies\YamlDotNet\Unity.VisualScripting.YamlDotNet.dll
Symbol file LoadedFromMemory doesn't match image C:\Users\alexander.roache\Documents\GitHub\first2d-project\Library\PackageCache\com.unity.visualscripting@1.8.0\Editor\VisualScripting.Core\Dependencies\DotNetZip\Unity.VisualScripting.IonicZip.dll
Native extension for WindowsStandalone target not found
Native extension for Android target not found
Refreshing native plugins compatible for Editor in 0.74 ms, found 4 plugins.
Preloading 0 native plugins for Editor in 0.00 ms.
Mono: successfully reloaded assembly
- Completed reload, in  1.122 seconds
Domain Reload Profiling:
	ReloadAssembly (1123ms)
		BeginReloadAssembly (149ms)
			ExecutionOrderSort (0ms)
			DisableScriptedObjects (8ms)
			BackupInstance (0ms)
			ReleaseScriptingObjects (0ms)
			CreateAndSetChildDomain (34ms)
		EndReloadAssembly (863ms)
			LoadAssemblies (100ms)
			RebuildTransferFunctionScriptingTraits (0ms)
			SetupTypeCache (251ms)
			ReleaseScriptCaches (1ms)
			RebuildScriptCaches (53ms)
			SetupLoadedEditorAssemblies (381ms)
				LogAssemblyErrors (0ms)
				InitializePlatformSupportModulesInManaged (22ms)
				SetLoadedEditorAssemblies (1ms)
				RefreshPlugins (1ms)
				BeforeProcessingInitializeOnLoad (83ms)
				ProcessInitializeOnLoadAttributes (224ms)
				ProcessInitializeOnLoadMethodAttributes (41ms)
				AfterProcessingInitializeOnLoad (9ms)
				EditorAssembliesLoaded (0ms)
			ExecutionOrderSort2 (0ms)
			AwakeInstancesAfterBackupRestoration (9ms)
Platform modules already initialized, skipping
Refreshing native plugins compatible for Editor in 2.82 ms, found 4 plugins.
Preloading 0 native plugins for Editor in 0.00 ms.
Unloading 3728 Unused Serialized files (Serialized files now loaded: 0)
Unloading 22 unused Assets / (24.6 KB). Loaded Objects now: 4237.
Memory consumption went from 147.5 MB to 147.4 MB.
Total: 3.199800 ms (FindLiveObjects: 0.401600 ms CreateObjectMapping: 0.157200 ms MarkObjects: 2.622200 ms  DeleteObjects: 0.017700 ms)

AssetImportParameters requested are different than current active one (requested -> active):
  custom:video-decoder-ogg-theora: a1e56fd34408186e4bbccfd4996cb3dc -> 
  custom:container-muxer-webm: aa71ff27fc2769a1b78a27578f13a17b -> 
  custom:container-demuxer-webm: 4f35f7cbe854078d1ac9338744f61a02 -> 
  custom:video-encoder-webm-vp8: eb34c28f22e8b96e1ab97ce403110664 -> 
  custom:audio-encoder-webm-vorbis: bf7c407c2cedff20999df2af8eb42d56 -> 
  custom:framework-win-MediaFoundation: 216162199b28c13a410421893ffa2e32 -> 
  custom:container-demuxer-ogg: 62fdf1f143b41e24485cea50d1cbac27 -> 
  custom:video-decoder-webm-vp8: 9c59270c3fd7afecdb556c50c9e8de78 -> 
  custom:audio-decoder-ogg-vorbis: bf7c407c2cedff20999df2af8eb42d56 -> 
========================================================================
Received Import Request.
  Time since last request: 180.270069 seconds.
  path: Assets/kenney_pixel-platformer/Tilemap/Environment.prefab
  artifactKey: Guid(53769c5c4b71a21438f72ed817152808) Importer(815301076,1909f56bfc062723c751e8b465ee728b)
Start importing Assets/kenney_pixel-platformer/Tilemap/Environment.prefab using Guid(53769c5c4b71a21438f72ed817152808) Importer(815301076,1909f56bfc062723c751e8b465ee728b)  -> (artifact id: 'e748e37bb39c8bfa333cca14d2fdaacf') in 0.083920 seconds 
========================================================================
Received Import Request.
  Time since last request: 58.045185 seconds.
  path: Assets/kenney_pixel-platformer/Tilemap/Environment.prefab
  artifactKey: Guid(53769c5c4b71a21438f72ed817152808) Importer(815301076,1909f56bfc062723c751e8b465ee728b)
Start importing Assets/kenney_pixel-platformer/Tilemap/Environment.prefab using Guid(53769c5c4b71a21438f72ed817152808) Importer(815301076,1909f56bfc062723c751e8b465ee728b)  -> (artifact id: '1cf2bf895efed23ea43774ff2081d783') in 0.080947 seconds 
========================================================================
Received Prepare
Registering precompiled user dll's ...
Registered in 0.006266 seconds.
Begin MonoManager ReloadAssembly
Symbol file LoadedFromMemory doesn't match image C:\Users\alexander.roache\Documents\GitHub\first2d-project\Library\PackageCache\com.unity.visualscripting@1.8.0\Editor\VisualScripting.Core\Dependencies\YamlDotNet\Unity.VisualScripting.YamlDotNet.dll
Symbol file LoadedFromMemory doesn't match image C:\Users\alexander.roache\Documents\GitHub\first2d-project\Library\PackageCache\com.unity.visualscripting@1.8.0\Editor\VisualScripting.Core\Dependencies\DotNetZip\Unity.VisualScripting.IonicZip.dll
Native extension for WindowsStandalone target not found
Native extension for Android target not found
Refreshing native plugins compatible for Editor in 0.81 ms, found 4 plugins.
Preloading 0 native plugins for Editor in 0.00 ms.
Mono: successfully reloaded assembly
- Completed reload, in  1.336 seconds
Domain Reload Profiling:
	ReloadAssembly (1337ms)
		BeginReloadAssembly (207ms)
			ExecutionOrderSort (0ms)
			DisableScriptedObjects (9ms)
			BackupInstance (0ms)
			ReleaseScriptingObjects (0ms)
			CreateAndSetChildDomain (35ms)
		EndReloadAssembly (990ms)
			LoadAssemblies (163ms)
			RebuildTransferFunctionScriptingTraits (0ms)
			SetupTypeCache (369ms)
			ReleaseScriptCaches (1ms)
			RebuildScriptCaches (53ms)
			SetupLoadedEditorAssemblies (385ms)
				LogAssemblyErrors (0ms)
				InitializePlatformSupportModulesInManaged (23ms)
				SetLoadedEditorAssemblies (0ms)
				RefreshPlugins (1ms)
				BeforeProcessingInitializeOnLoad (83ms)
				ProcessInitializeOnLoadAttributes (226ms)
				ProcessInitializeOnLoadMethodAttributes (43ms)
				AfterProcessingInitializeOnLoad (9ms)
				EditorAssembliesLoaded (0ms)
			ExecutionOrderSort2 (0ms)
			AwakeInstancesAfterBackupRestoration (8ms)
Platform modules already initialized, skipping
Refreshing native plugins compatible for Editor in 3.09 ms, found 4 plugins.
Preloading 0 native plugins for Editor in 0.00 ms.
Unloading 3728 Unused Serialized files (Serialized files now loaded: 0)
Unloading 22 unused Assets / (24.7 KB). Loaded Objects now: 4245.
Memory consumption went from 148.0 MB to 148.0 MB.
Total: 3.419000 ms (FindLiveObjects: 0.456100 ms CreateObjectMapping: 0.127600 ms MarkObjects: 2.811200 ms  DeleteObjects: 0.022700 ms)

AssetImportParameters requested are different than current active one (requested -> active):
  custom:video-decoder-ogg-theora: a1e56fd34408186e4bbccfd4996cb3dc -> 
  custom:container-muxer-webm: aa71ff27fc2769a1b78a27578f13a17b -> 
  custom:container-demuxer-webm: 4f35f7cbe854078d1ac9338744f61a02 -> 
  custom:video-encoder-webm-vp8: eb34c28f22e8b96e1ab97ce403110664 -> 
  custom:audio-encoder-webm-vorbis: bf7c407c2cedff20999df2af8eb42d56 -> 
  custom:framework-win-MediaFoundation: 216162199b28c13a410421893ffa2e32 -> 
  custom:container-demuxer-ogg: 62fdf1f143b41e24485cea50d1cbac27 -> 
  custom:video-decoder-webm-vp8: 9c59270c3fd7afecdb556c50c9e8de78 -> 
  custom:audio-decoder-ogg-vorbis: bf7c407c2cedff20999df2af8eb42d56 -> 
